<?xml version="1.0" encoding="UTF-8"?>
<testng-results skipped="0" failed="0" total="1" passed="1">
  <reporter-output>
  </reporter-output>
  <suite name="Suite" duration-ms="16545" started-at="2018-07-04T04:46:54Z" finished-at="2018-07-04T04:47:10Z">
    <groups>
    </groups>
    <test name="Test" duration-ms="16545" started-at="2018-07-04T04:46:54Z" finished-at="2018-07-04T04:47:10Z">
      <class name="com.tests.test2">
        <test-method status="PASS" signature="testGitHubLogin()[pri:0, instance:com.tests.test2@3c5a99da]" name="testGitHubLogin" duration-ms="16543" started-at="2018-07-04T10:16:54Z" finished-at="2018-07-04T10:17:10Z">
          <reporter-output>
          </reporter-output>
        </test-method> <!-- testGitHubLogin -->
      </class> <!-- com.tests.test2 -->
    </test> <!-- Test -->
  </suite> <!-- Suite -->
</testng-results>
